<?xml version="1.0" encoding="UTF-8"?>
<testsuite name="backend.findAGymBro.FindAGymBroApplicationTests" tests="1" skipped="0" failures="0" errors="0" timestamp="2024-02-14T16:11:20" hostname="Shauns-MacBook-Pro.local" time="0.616">
  <properties/>
  <testcase name="contextLoads()" classname="backend.findAGymBro.FindAGymBroApplicationTests" time="0.616"/>
  <system-out><![CDATA[11:11:16.039 [Test worker] INFO org.springframework.test.context.support.AnnotationConfigContextLoaderUtils -- Could not detect default configuration classes for test class [backend.findAGymBro.FindAGymBroApplicationTests]: FindAGymBroApplicationTests does not declare any static, non-private, non-final, nested classes annotated with @Configuration.
11:11:16.154 [Test worker] INFO org.springframework.boot.test.context.SpringBootTestContextBootstrapper -- Found @SpringBootConfiguration backend.findAGymBro.FindAGymBroApplication for test class backend.findAGymBro.FindAGymBroApplicationTests

  .   ____          _            __ _ _
 /\\ / ___'_ __ _ _(_)_ __  __ _ \ \ \ \
( ( )\___ | '_ | '_| | '_ \/ _` | \ \ \ \
 \\/  ___)| |_)| | | | | || (_| |  ) ) ) )
  '  |____| .__|_| |_|_| |_\__, | / / / /
 =========|_|==============|___/=/_/_/_/
 :: Spring Boot ::                (v3.1.4)

2024-02-14T11:11:16.632-05:00  INFO 59548 --- [    Test worker] b.f.FindAGymBroApplicationTests          : Starting FindAGymBroApplicationTests using Java 17.0.1 with PID 59548 (started by shaunsoobagrah in /Users/shaunsoobagrah/Downloads/GitHubRepositories/find-gym-partners-website/backend)
2024-02-14T11:11:16.634-05:00  INFO 59548 --- [    Test worker] b.f.FindAGymBroApplicationTests          : No active profile set, falling back to 1 default profile: "default"
2024-02-14T11:11:17.311-05:00  INFO 59548 --- [    Test worker] .s.d.r.c.RepositoryConfigurationDelegate : Bootstrapping Spring Data JPA repositories in DEFAULT mode.
2024-02-14T11:11:17.368-05:00  INFO 59548 --- [    Test worker] .s.d.r.c.RepositoryConfigurationDelegate : Finished Spring Data repository scanning in 50 ms. Found 4 JPA repository interfaces.
2024-02-14T11:11:17.847-05:00  INFO 59548 --- [    Test worker] o.hibernate.jpa.internal.util.LogHelper  : HHH000204: Processing PersistenceUnitInfo [name: default]
2024-02-14T11:11:17.884-05:00  INFO 59548 --- [    Test worker] org.hibernate.Version                    : HHH000412: Hibernate ORM core version 6.2.9.Final
2024-02-14T11:11:17.885-05:00  INFO 59548 --- [    Test worker] org.hibernate.cfg.Environment            : HHH000406: Using bytecode reflection optimizer
2024-02-14T11:11:17.996-05:00  INFO 59548 --- [    Test worker] o.h.b.i.BytecodeProviderInitiator        : HHH000021: Bytecode provider name : bytebuddy
2024-02-14T11:11:18.122-05:00  INFO 59548 --- [    Test worker] o.s.o.j.p.SpringPersistenceUnitInfo      : No LoadTimeWeaver setup: ignoring JPA class transformer
2024-02-14T11:11:18.136-05:00  INFO 59548 --- [    Test worker] com.zaxxer.hikari.HikariDataSource       : HikariPool-1 - Starting...
2024-02-14T11:11:18.372-05:00  INFO 59548 --- [    Test worker] com.zaxxer.hikari.pool.HikariPool        : HikariPool-1 - Added connection org.postgresql.jdbc.PgConnection@1b31af02
2024-02-14T11:11:18.373-05:00  INFO 59548 --- [    Test worker] com.zaxxer.hikari.HikariDataSource       : HikariPool-1 - Start completed.
2024-02-14T11:11:18.670-05:00  INFO 59548 --- [    Test worker] o.h.b.i.BytecodeProviderInitiator        : HHH000021: Bytecode provider name : bytebuddy
2024-02-14T11:11:19.342-05:00  INFO 59548 --- [    Test worker] o.h.e.t.j.p.i.JtaPlatformInitiator       : HHH000490: Using JtaPlatform implementation: [org.hibernate.engine.transaction.jta.platform.internal.NoJtaPlatform]
2024-02-14T11:11:19.482-05:00  INFO 59548 --- [    Test worker] j.LocalContainerEntityManagerFactoryBean : Initialized JPA EntityManagerFactory for persistence unit 'default'
2024-02-14T11:11:19.812-05:00  INFO 59548 --- [    Test worker] o.s.d.j.r.query.QueryEnhancerFactory     : Hibernate is in classpath; If applicable, HQL parser will be used.
2024-02-14T11:11:20.409-05:00  WARN 59548 --- [    Test worker] JpaBaseConfiguration$JpaWebConfiguration : spring.jpa.open-in-view is enabled by default. Therefore, database queries may be performed during view rendering. Explicitly configure spring.jpa.open-in-view to disable this warning
2024-02-14T11:11:20.665-05:00  INFO 59548 --- [    Test worker] o.s.b.a.w.s.WelcomePageHandlerMapping    : Adding welcome page: class path resource [static/index.html]
2024-02-14T11:11:20.827-05:00  INFO 59548 --- [    Test worker] o.s.m.s.b.SimpleBrokerMessageHandler     : Starting...
2024-02-14T11:11:20.829-05:00  INFO 59548 --- [    Test worker] o.s.m.s.b.SimpleBrokerMessageHandler     : BrokerAvailabilityEvent[available=true, SimpleBrokerMessageHandler [org.springframework.messaging.simp.broker.DefaultSubscriptionRegistry@45d28ab7]]
2024-02-14T11:11:20.830-05:00  INFO 59548 --- [    Test worker] o.s.m.s.b.SimpleBrokerMessageHandler     : Started.
2024-02-14T11:11:20.840-05:00  INFO 59548 --- [    Test worker] b.f.FindAGymBroApplicationTests          : Started FindAGymBroApplicationTests in 4.547 seconds (process running for 5.88)
]]></system-out>
  <system-err><![CDATA[]]></system-err>
</testsuite>
