<?xml version="1.0" encoding="UTF-8"?>
<testsuite name="backend.findAGymBro.FindAGymBroApplicationTests" tests="1" skipped="0" failures="0" errors="0" timestamp="2024-03-18T18:21:56" hostname="Shauns-MacBook-Pro.local" time="0.765">
  <properties/>
  <testcase name="contextLoads()" classname="backend.findAGymBro.FindAGymBroApplicationTests" time="0.765"/>
  <system-out><![CDATA[14:21:51.808 [Test worker] INFO org.springframework.test.context.support.AnnotationConfigContextLoaderUtils -- Could not detect default configuration classes for test class [backend.findAGymBro.FindAGymBroApplicationTests]: FindAGymBroApplicationTests does not declare any static, non-private, non-final, nested classes annotated with @Configuration.
14:21:51.970 [Test worker] INFO org.springframework.boot.test.context.SpringBootTestContextBootstrapper -- Found @SpringBootConfiguration backend.findAGymBro.FindAGymBroApplication for test class backend.findAGymBro.FindAGymBroApplicationTests

  .   ____          _            __ _ _
 /\\ / ___'_ __ _ _(_)_ __  __ _ \ \ \ \
( ( )\___ | '_ | '_| | '_ \/ _` | \ \ \ \
 \\/  ___)| |_)| | | | | || (_| |  ) ) ) )
  '  |____| .__|_| |_|_| |_\__, | / / / /
 =========|_|==============|___/=/_/_/_/
 :: Spring Boot ::                (v3.1.4)

2024-03-18T14:21:52.375-04:00  INFO 88751 --- [    Test worker] b.f.FindAGymBroApplicationTests          : Starting FindAGymBroApplicationTests using Java 17.0.1 with PID 88751 (started by shaunsoobagrah in /Users/shaunsoobagrah/Downloads/GitHubRepositories/find-gym-partners-website/backend)
2024-03-18T14:21:52.377-04:00  INFO 88751 --- [    Test worker] b.f.FindAGymBroApplicationTests          : No active profile set, falling back to 1 default profile: "default"
2024-03-18T14:21:53.090-04:00  INFO 88751 --- [    Test worker] .s.d.r.c.RepositoryConfigurationDelegate : Bootstrapping Spring Data JPA repositories in DEFAULT mode.
2024-03-18T14:21:53.196-04:00  INFO 88751 --- [    Test worker] .s.d.r.c.RepositoryConfigurationDelegate : Finished Spring Data repository scanning in 99 ms. Found 6 JPA repository interfaces.
2024-03-18T14:21:53.608-04:00  INFO 88751 --- [    Test worker] o.hibernate.jpa.internal.util.LogHelper  : HHH000204: Processing PersistenceUnitInfo [name: default]
2024-03-18T14:21:53.658-04:00  INFO 88751 --- [    Test worker] org.hibernate.Version                    : HHH000412: Hibernate ORM core version 6.2.9.Final
2024-03-18T14:21:53.661-04:00  INFO 88751 --- [    Test worker] org.hibernate.cfg.Environment            : HHH000406: Using bytecode reflection optimizer
2024-03-18T14:21:53.799-04:00  INFO 88751 --- [    Test worker] o.h.b.i.BytecodeProviderInitiator        : HHH000021: Bytecode provider name : bytebuddy
2024-03-18T14:21:53.921-04:00  INFO 88751 --- [    Test worker] o.s.o.j.p.SpringPersistenceUnitInfo      : No LoadTimeWeaver setup: ignoring JPA class transformer
2024-03-18T14:21:53.952-04:00  INFO 88751 --- [    Test worker] com.zaxxer.hikari.HikariDataSource       : HikariPool-1 - Starting...
2024-03-18T14:21:54.078-04:00  INFO 88751 --- [    Test worker] com.zaxxer.hikari.pool.HikariPool        : HikariPool-1 - Added connection org.postgresql.jdbc.PgConnection@2e45a357
2024-03-18T14:21:54.080-04:00  INFO 88751 --- [    Test worker] com.zaxxer.hikari.HikariDataSource       : HikariPool-1 - Start completed.
2024-03-18T14:21:54.366-04:00  INFO 88751 --- [    Test worker] o.h.b.i.BytecodeProviderInitiator        : HHH000021: Bytecode provider name : bytebuddy
2024-03-18T14:21:55.072-04:00  INFO 88751 --- [    Test worker] o.h.e.t.j.p.i.JtaPlatformInitiator       : HHH000490: Using JtaPlatform implementation: [org.hibernate.engine.transaction.jta.platform.internal.NoJtaPlatform]
2024-03-18T14:21:55.456-04:00  INFO 88751 --- [    Test worker] j.LocalContainerEntityManagerFactoryBean : Initialized JPA EntityManagerFactory for persistence unit 'default'
2024-03-18T14:21:55.750-04:00  INFO 88751 --- [    Test worker] o.s.d.j.r.query.QueryEnhancerFactory     : Hibernate is in classpath; If applicable, HQL parser will be used.
2024-03-18T14:21:56.399-04:00  WARN 88751 --- [    Test worker] JpaBaseConfiguration$JpaWebConfiguration : spring.jpa.open-in-view is enabled by default. Therefore, database queries may be performed during view rendering. Explicitly configure spring.jpa.open-in-view to disable this warning
2024-03-18T14:21:56.607-04:00  INFO 88751 --- [    Test worker] o.s.b.a.w.s.WelcomePageHandlerMapping    : Adding welcome page: class path resource [static/index.html]
2024-03-18T14:21:56.794-04:00  INFO 88751 --- [    Test worker] o.s.m.s.b.SimpleBrokerMessageHandler     : Starting...
2024-03-18T14:21:56.796-04:00  INFO 88751 --- [    Test worker] o.s.m.s.b.SimpleBrokerMessageHandler     : BrokerAvailabilityEvent[available=true, SimpleBrokerMessageHandler [org.springframework.messaging.simp.broker.DefaultSubscriptionRegistry@5b0fc8c2]]
2024-03-18T14:21:56.797-04:00  INFO 88751 --- [    Test worker] o.s.m.s.b.SimpleBrokerMessageHandler     : Started.
2024-03-18T14:21:56.804-04:00  INFO 88751 --- [    Test worker] b.f.FindAGymBroApplicationTests          : Started FindAGymBroApplicationTests in 4.654 seconds (process running for 6.013)
]]></system-out>
  <system-err><![CDATA[]]></system-err>
</testsuite>
