<?xml version="1.0" encoding="UTF-8"?>
<testsuite name="backend.findAGymBro.FindAGymBroApplicationTests" tests="1" skipped="0" failures="0" errors="0" timestamp="2024-02-04T19:22:40" hostname="Shauns-MacBook-Pro.local" time="0.599">
  <properties/>
  <testcase name="contextLoads()" classname="backend.findAGymBro.FindAGymBroApplicationTests" time="0.599"/>
  <system-out><![CDATA[14:22:33.969 [Test worker] INFO org.springframework.test.context.support.AnnotationConfigContextLoaderUtils -- Could not detect default configuration classes for test class [backend.findAGymBro.FindAGymBroApplicationTests]: FindAGymBroApplicationTests does not declare any static, non-private, non-final, nested classes annotated with @Configuration.
14:22:34.086 [Test worker] INFO org.springframework.boot.test.context.SpringBootTestContextBootstrapper -- Found @SpringBootConfiguration backend.findAGymBro.FindAGymBroApplication for test class backend.findAGymBro.FindAGymBroApplicationTests

  .   ____          _            __ _ _
 /\\ / ___'_ __ _ _(_)_ __  __ _ \ \ \ \
( ( )\___ | '_ | '_| | '_ \/ _` | \ \ \ \
 \\/  ___)| |_)| | | | | || (_| |  ) ) ) )
  '  |____| .__|_| |_|_| |_\__, | / / / /
 =========|_|==============|___/=/_/_/_/
 :: Spring Boot ::                (v3.1.4)

2024-02-04T14:22:34.702-05:00  INFO 67685 --- [    Test worker] b.f.FindAGymBroApplicationTests          : Starting FindAGymBroApplicationTests using Java 18.0.2.1 with PID 67685 (started by shaunsoobagrah in /Users/shaunsoobagrah/Downloads/GitHubRepositories/find-gym-partners-website/backend)
2024-02-04T14:22:34.705-05:00  INFO 67685 --- [    Test worker] b.f.FindAGymBroApplicationTests          : No active profile set, falling back to 1 default profile: "default"
2024-02-04T14:22:35.501-05:00  INFO 67685 --- [    Test worker] .s.d.r.c.RepositoryConfigurationDelegate : Bootstrapping Spring Data JPA repositories in DEFAULT mode.
2024-02-04T14:22:35.589-05:00  INFO 67685 --- [    Test worker] .s.d.r.c.RepositoryConfigurationDelegate : Finished Spring Data repository scanning in 80 ms. Found 4 JPA repository interfaces.
2024-02-04T14:22:36.143-05:00  INFO 67685 --- [    Test worker] o.hibernate.jpa.internal.util.LogHelper  : HHH000204: Processing PersistenceUnitInfo [name: default]
2024-02-04T14:22:36.193-05:00  INFO 67685 --- [    Test worker] org.hibernate.Version                    : HHH000412: Hibernate ORM core version 6.2.9.Final
2024-02-04T14:22:36.198-05:00  INFO 67685 --- [    Test worker] org.hibernate.cfg.Environment            : HHH000406: Using bytecode reflection optimizer
2024-02-04T14:22:36.356-05:00  INFO 67685 --- [    Test worker] o.h.b.i.BytecodeProviderInitiator        : HHH000021: Bytecode provider name : bytebuddy
2024-02-04T14:22:36.615-05:00  INFO 67685 --- [    Test worker] o.s.o.j.p.SpringPersistenceUnitInfo      : No LoadTimeWeaver setup: ignoring JPA class transformer
2024-02-04T14:22:36.631-05:00  INFO 67685 --- [    Test worker] com.zaxxer.hikari.HikariDataSource       : HikariPool-1 - Starting...
2024-02-04T14:22:36.959-05:00  INFO 67685 --- [    Test worker] com.zaxxer.hikari.pool.HikariPool        : HikariPool-1 - Added connection org.postgresql.jdbc.PgConnection@4c04216f
2024-02-04T14:22:36.961-05:00  INFO 67685 --- [    Test worker] com.zaxxer.hikari.HikariDataSource       : HikariPool-1 - Start completed.
2024-02-04T14:22:37.409-05:00  INFO 67685 --- [    Test worker] o.h.b.i.BytecodeProviderInitiator        : HHH000021: Bytecode provider name : bytebuddy
2024-02-04T14:22:38.204-05:00  INFO 67685 --- [    Test worker] o.h.e.t.j.p.i.JtaPlatformInitiator       : HHH000490: Using JtaPlatform implementation: [org.hibernate.engine.transaction.jta.platform.internal.NoJtaPlatform]
2024-02-04T14:22:38.596-05:00  INFO 67685 --- [    Test worker] j.LocalContainerEntityManagerFactoryBean : Initialized JPA EntityManagerFactory for persistence unit 'default'
2024-02-04T14:22:38.983-05:00  INFO 67685 --- [    Test worker] o.s.d.j.r.query.QueryEnhancerFactory     : Hibernate is in classpath; If applicable, HQL parser will be used.
2024-02-04T14:22:39.673-05:00  WARN 67685 --- [    Test worker] JpaBaseConfiguration$JpaWebConfiguration : spring.jpa.open-in-view is enabled by default. Therefore, database queries may be performed during view rendering. Explicitly configure spring.jpa.open-in-view to disable this warning
2024-02-04T14:22:39.914-05:00  INFO 67685 --- [    Test worker] o.s.b.a.w.s.WelcomePageHandlerMapping    : Adding welcome page: class path resource [static/index.html]
2024-02-04T14:22:40.043-05:00  INFO 67685 --- [    Test worker] o.s.m.s.b.SimpleBrokerMessageHandler     : Starting...
2024-02-04T14:22:40.046-05:00  INFO 67685 --- [    Test worker] o.s.m.s.b.SimpleBrokerMessageHandler     : BrokerAvailabilityEvent[available=true, SimpleBrokerMessageHandler [org.springframework.messaging.simp.broker.DefaultSubscriptionRegistry@4ac64dc2]]
2024-02-04T14:22:40.046-05:00  INFO 67685 --- [    Test worker] o.s.m.s.b.SimpleBrokerMessageHandler     : Started.
2024-02-04T14:22:40.054-05:00  INFO 67685 --- [    Test worker] b.f.FindAGymBroApplicationTests          : Started FindAGymBroApplicationTests in 5.781 seconds (process running for 7.179)
]]></system-out>
  <system-err><![CDATA[]]></system-err>
</testsuite>
