<?xml version="1.0" encoding="UTF-8"?>
<testsuite name="backend.findAGymBro.FindAGymBroApplicationTests" tests="1" skipped="0" failures="0" errors="0" timestamp="2024-01-03T00:26:59" hostname="Shauns-MacBook-Pro.local" time="0.619">
  <properties/>
  <testcase name="contextLoads()" classname="backend.findAGymBro.FindAGymBroApplicationTests" time="0.619"/>
  <system-out><![CDATA[19:26:55.414 [Test worker] INFO org.springframework.test.context.support.AnnotationConfigContextLoaderUtils -- Could not detect default configuration classes for test class [backend.findAGymBro.FindAGymBroApplicationTests]: FindAGymBroApplicationTests does not declare any static, non-private, non-final, nested classes annotated with @Configuration.
19:26:55.542 [Test worker] INFO org.springframework.boot.test.context.SpringBootTestContextBootstrapper -- Found @SpringBootConfiguration backend.findAGymBro.FindAGymBroApplication for test class backend.findAGymBro.FindAGymBroApplicationTests

  .   ____          _            __ _ _
 /\\ / ___'_ __ _ _(_)_ __  __ _ \ \ \ \
( ( )\___ | '_ | '_| | '_ \/ _` | \ \ \ \
 \\/  ___)| |_)| | | | | || (_| |  ) ) ) )
  '  |____| .__|_| |_|_| |_\__, | / / / /
 =========|_|==============|___/=/_/_/_/
 :: Spring Boot ::                (v3.1.4)

2024-01-02T19:26:55.914-05:00  INFO 27680 --- [    Test worker] b.f.FindAGymBroApplicationTests          : Starting FindAGymBroApplicationTests using Java 17.0.1 with PID 27680 (started by shaunsoobagrah in /Users/shaunsoobagrah/Downloads/findAGymBro/backend)
2024-01-02T19:26:55.917-05:00  INFO 27680 --- [    Test worker] b.f.FindAGymBroApplicationTests          : No active profile set, falling back to 1 default profile: "default"
2024-01-02T19:26:56.667-05:00  INFO 27680 --- [    Test worker] .s.d.r.c.RepositoryConfigurationDelegate : Bootstrapping Spring Data JPA repositories in DEFAULT mode.
2024-01-02T19:26:56.786-05:00  INFO 27680 --- [    Test worker] .s.d.r.c.RepositoryConfigurationDelegate : Finished Spring Data repository scanning in 106 ms. Found 3 JPA repository interfaces.
2024-01-02T19:26:57.254-05:00  INFO 27680 --- [    Test worker] o.hibernate.jpa.internal.util.LogHelper  : HHH000204: Processing PersistenceUnitInfo [name: default]
2024-01-02T19:26:57.338-05:00  INFO 27680 --- [    Test worker] org.hibernate.Version                    : HHH000412: Hibernate ORM core version 6.2.9.Final
2024-01-02T19:26:57.339-05:00  INFO 27680 --- [    Test worker] org.hibernate.cfg.Environment            : HHH000406: Using bytecode reflection optimizer
2024-01-02T19:26:57.458-05:00  INFO 27680 --- [    Test worker] o.h.b.i.BytecodeProviderInitiator        : HHH000021: Bytecode provider name : bytebuddy
2024-01-02T19:26:57.563-05:00  INFO 27680 --- [    Test worker] o.s.o.j.p.SpringPersistenceUnitInfo      : No LoadTimeWeaver setup: ignoring JPA class transformer
2024-01-02T19:26:57.577-05:00  INFO 27680 --- [    Test worker] com.zaxxer.hikari.HikariDataSource       : HikariPool-1 - Starting...
2024-01-02T19:26:57.706-05:00  INFO 27680 --- [    Test worker] com.zaxxer.hikari.pool.HikariPool        : HikariPool-1 - Added connection org.postgresql.jdbc.PgConnection@7e0f9528
2024-01-02T19:26:57.708-05:00  INFO 27680 --- [    Test worker] com.zaxxer.hikari.HikariDataSource       : HikariPool-1 - Start completed.
2024-01-02T19:26:57.984-05:00  INFO 27680 --- [    Test worker] o.h.b.i.BytecodeProviderInitiator        : HHH000021: Bytecode provider name : bytebuddy
2024-01-02T19:26:58.589-05:00  INFO 27680 --- [    Test worker] o.h.e.t.j.p.i.JtaPlatformInitiator       : HHH000490: Using JtaPlatform implementation: [org.hibernate.engine.transaction.jta.platform.internal.NoJtaPlatform]
2024-01-02T19:26:58.747-05:00  INFO 27680 --- [    Test worker] j.LocalContainerEntityManagerFactoryBean : Initialized JPA EntityManagerFactory for persistence unit 'default'
2024-01-02T19:26:59.329-05:00  WARN 27680 --- [    Test worker] JpaBaseConfiguration$JpaWebConfiguration : spring.jpa.open-in-view is enabled by default. Therefore, database queries may be performed during view rendering. Explicitly configure spring.jpa.open-in-view to disable this warning
2024-01-02T19:26:59.770-05:00  INFO 27680 --- [    Test worker] o.s.m.s.b.SimpleBrokerMessageHandler     : Starting...
2024-01-02T19:26:59.772-05:00  INFO 27680 --- [    Test worker] o.s.m.s.b.SimpleBrokerMessageHandler     : BrokerAvailabilityEvent[available=true, SimpleBrokerMessageHandler [org.springframework.messaging.simp.broker.DefaultSubscriptionRegistry@55a2f08b]]
2024-01-02T19:26:59.773-05:00  INFO 27680 --- [    Test worker] o.s.m.s.b.SimpleBrokerMessageHandler     : Started.
2024-01-02T19:26:59.780-05:00  INFO 27680 --- [    Test worker] b.f.FindAGymBroApplicationTests          : Started FindAGymBroApplicationTests in 4.09 seconds (process running for 5.354)
]]></system-out>
  <system-err><![CDATA[]]></system-err>
</testsuite>
